<?xml version="1.0" encoding="UTF-8"?>
<testsuite xmlns:xsi="http://www.w3.org/2001/XMLSchema-instance" xsi:noNamespaceSchemaLocation="https://maven.apache.org/surefire/maven-surefire-plugin/xsd/surefire-test-report.xsd" name="TestSuite" time="111.082" tests="11" errors="0" skipped="0" failures="0">
  <properties>
    <property name="java.runtime.name" value="Java(TM) SE Runtime Environment"/>
    <property name="sun.boot.library.path" value="C:\Program Files\Java\JDK\jre\bin"/>
    <property name="java.vm.version" value="25.151-b12"/>
    <property name="java.vm.vendor" value="Oracle Corporation"/>
    <property name="maven.multiModuleProjectDirectory" value="C:\Users\ASHUTOSH SINGH\eclipse-workspace-oxygen\CrmPro09"/>
    <property name="java.vendor.url" value="http://java.oracle.com/"/>
    <property name="path.separator" value=";"/>
    <property name="guice.disable.misplaced.annotation.check" value="true"/>
    <property name="java.vm.name" value="Java HotSpot(TM) 64-Bit Server VM"/>
    <property name="file.encoding.pkg" value="sun.io"/>
    <property name="user.script" value=""/>
    <property name="user.country" value="IN"/>
    <property name="sun.java.launcher" value="SUN_STANDARD"/>
    <property name="sun.os.patch.level" value=""/>
    <property name="java.vm.specification.name" value="Java Virtual Machine Specification"/>
    <property name="user.dir" value="C:\Users\ASHUTOSH SINGH\eclipse-workspace-oxygen\CrmPro09"/>
    <property name="java.runtime.version" value="1.8.0_151-b12"/>
    <property name="java.awt.graphicsenv" value="sun.awt.Win32GraphicsEnvironment"/>
    <property name="java.endorsed.dirs" value="C:\Program Files\Java\JDK\jre\lib\endorsed"/>
    <property name="os.arch" value="amd64"/>
    <property name="java.io.tmpdir" value="C:\Users\ASHUTOSH SINGH\AppData\Local\Temp\"/>
    <property name="line.separator" value="&#10;"/>
    <property name="java.vm.specification.vendor" value="Oracle Corporation"/>
    <property name="user.variant" value=""/>
    <property name="os.name" value="Windows 10"/>
    <property name="classworlds.conf" value="C:\Program Files\apache-maven-3.6.1\apache-maven-3.6.1\bin\..\bin\m2.conf"/>
    <property name="sun.jnu.encoding" value="Cp1252"/>
    <property name="java.library.path" value="C:\Program Files\Java\JDK\bin;C:\WINDOWS\Sun\Java\bin;C:\WINDOWS\system32;C:\WINDOWS;C:\ProgramData\Oracle\Java\javapath;C:\WINDOWS\system32;C:\WINDOWS;C:\WINDOWS\System32\Wbem;C:\WINDOWS\System32\WindowsPowerShell\v1.0\;C:\Program Files\Intel\Intel(R) Management Engine Components\IPT\;C:\Program Files\Java\JDK\bin;C:\Program Files\Java\JRE\bin;C:\WINDOWS\System32\OpenSSH\;C:\Android;C:\Windows\System32;C:\Program Files\apache-maven-3.6.1\apache-maven-3.6.1\bin;C:\Program Files (x86)\Intel\Intel(R) Management Engine Components\DAL;C:\Program Files\Intel\Intel(R) Management Engine Components\DAL;C:\ProgramData\chocolatey\bin;C:\Program Files\nodejs\;C:\sqlite3;C:\curl-7.72.0-win64-mingw\bin;C:\Program Files\MySQL\MySQL Shell 8.0\bin\;C:\Users\ASHUTOSH SINGH\AppData\Local\Programs\Python\Python38\Scripts\;C:\Users\ASHUTOSH SINGH\AppData\Local\Programs\Python\Python38\;C:\Users\ASHUTOSH SINGH\scoop\shims;C:\Users\ASHUTOSH SINGH\AppData\Local\Microsoft\WindowsApps;C:\Users\ASHUTOSH SINGH\AppData\Local\Microsoft\WindowsApps;C:\Users\ASHUTOSH SINGH\AppData\Local\Programs\Microsoft VS Code\bin;C:\Users\ASHUTOSH SINGH\AppData\Roaming\npm;C:\Program Files\Docker Toolbox;C:\Users\ASHUTOSH SINGH\AppData\Local\atom\bin;C:\Users\ASHUTOSH SINGH\AppData\Local\Programs\Python\Python38\Scripts;C:\Users\ASHUTOSH SINGH\AppData\Local\Programs\Python\Python38\;C:\Program Files\MySQL\MySQL Server 8.0\bin;."/>
    <property name="maven.conf" value="C:\Program Files\apache-maven-3.6.1\apache-maven-3.6.1\bin\../conf"/>
    <property name="java.specification.name" value="Java Platform API Specification"/>
    <property name="java.class.version" value="52.0"/>
    <property name="sun.management.compiler" value="HotSpot 64-Bit Tiered Compilers"/>
    <property name="os.version" value="10.0"/>
    <property name="library.jansi.path" value="C:\Program Files\apache-maven-3.6.1\apache-maven-3.6.1\bin\..\lib\jansi-native"/>
    <property name="user.home" value="C:\Users\ASHUTOSH SINGH"/>
    <property name="user.timezone" value="Asia/Calcutta"/>
    <property name="java.awt.printerjob" value="sun.awt.windows.WPrinterJob"/>
    <property name="java.specification.version" value="1.8"/>
    <property name="file.encoding" value="Cp1252"/>
    <property name="user.name" value="ASHUTOSH SINGH"/>
    <property name="java.class.path" value="C:\Program Files\apache-maven-3.6.1\apache-maven-3.6.1\bin\..\boot\plexus-classworlds-2.6.0.jar"/>
    <property name="java.vm.specification.version" value="1.8"/>
    <property name="sun.arch.data.model" value="64"/>
    <property name="java.home" value="C:\Program Files\Java\JDK\jre"/>
    <property name="sun.java.command" value="org.codehaus.plexus.classworlds.launcher.Launcher clean install"/>
    <property name="java.specification.vendor" value="Oracle Corporation"/>
    <property name="user.language" value="en"/>
    <property name="awt.toolkit" value="sun.awt.windows.WToolkit"/>
    <property name="java.vm.info" value="mixed mode"/>
    <property name="java.version" value="1.8.0_151"/>
    <property name="java.ext.dirs" value="C:\Program Files\Java\JDK\jre\lib\ext;C:\WINDOWS\Sun\Java\lib\ext"/>
    <property name="sun.boot.class.path" value="C:\Program Files\Java\JDK\jre\lib\resources.jar;C:\Program Files\Java\JDK\jre\lib\rt.jar;C:\Program Files\Java\JDK\jre\lib\sunrsasign.jar;C:\Program Files\Java\JDK\jre\lib\jsse.jar;C:\Program Files\Java\JDK\jre\lib\jce.jar;C:\Program Files\Java\JDK\jre\lib\charsets.jar;C:\Program Files\Java\JDK\jre\lib\jfr.jar;C:\Program Files\Java\JDK\jre\classes"/>
    <property name="sun.stderr.encoding" value="cp437"/>
    <property name="java.vendor" value="Oracle Corporation"/>
    <property name="maven.home" value="C:\Program Files\apache-maven-3.6.1\apache-maven-3.6.1\bin\.."/>
    <property name="file.separator" value="\"/>
    <property name="java.vendor.url.bug" value="http://bugreport.sun.com/bugreport/"/>
    <property name="sun.cpu.endian" value="little"/>
    <property name="sun.io.unicode.encoding" value="UnicodeLittle"/>
    <property name="sun.stdout.encoding" value="cp437"/>
    <property name="sun.desktop" value="windows"/>
    <property name="sun.cpu.isalist" value="amd64"/>
  </properties>
  <testcase name="verifySignUpLinkTest" classname="com.qa.hubspot.test.LoginPageTest" time="1.618"/>
  <testcase name="verifyLoginPageTitleTest" classname="com.qa.hubspot.test.LoginPageTest" time="0.113"/>
  <testcase name="verifyloginTest" classname="com.qa.hubspot.test.LoginPageTest" time="11.435"/>
  <testcase name="verifyHomePageTitle" classname="com.qa.hubspot.test.HomePageTest" time="0.118"/>
  <testcase name="verifyHomePageHeader" classname="com.qa.hubspot.test.HomePageTest" time="3.103"/>
  <testcase name="verifyLoggedInUserTest" classname="com.qa.hubspot.test.HomePageTest" time="3.779"/>
  <testcase name="verifyLogoNameTest" classname="com.qa.hubspot.test.HomePageTest" time="0.045"/>
  <testcase name="verifyContactPageInfoTest" classname="com.qa.hubspot.test.ContactPageTest" time="5.118"/>
  <testcase name="verifyAddressTitleTextTest" classname="com.qa.hubspot.test.ContactPageTest" time="0.048"/>
  <testcase name="verifyAltEmailTextTest" classname="com.qa.hubspot.test.ContactPageTest" time="0.039"/>
  <testcase name="verifyCreateContactWithMandatoryDetailTest" classname="com.qa.hubspot.test.ContactPageTest" time="13.831"/>
</testsuite>