<?xml version="1.0" encoding="UTF-8"?>
<!-- Generated by org.testng.reporters.JUnitReportReporter -->
<testsuite skipped="1" hostname="DESKTOP-R0GNJAC" name="com.qa.hubspot.test.ContactPageTest" tests="2" failures="0" timestamp="11 Oct 2020 09:08:16 GMT" time="0.078" errors="0">
  <testcase name="verifyAltEmailTextTest" time="0.078" classname="com.qa.hubspot.test.ContactPageTest"/>
  <testcase name="verifyCreateContactNoTest" classname="com.qa.hubspot.test.ContactPageTest">
    <skipped/>
  </testcase> <!-- verifyCreateContactNoTest -->
</testsuite> <!-- com.qa.hubspot.test.ContactPageTest -->
