<?xml version="1.0" encoding="UTF-8"?>
<!-- Generated by org.testng.reporters.JUnitReportReporter -->
<testsuite skipped="0" hostname="DESKTOP-R0GNJAC" name="com.qa.hubspot.test.HomePageTest" tests="1" failures="0" timestamp="11 Oct 2020 09:06:50 GMT" time="3.357" errors="0">
  <testcase name="verifyHomePageHeader" time="3.357" classname="com.qa.hubspot.test.HomePageTest"/>
</testsuite> <!-- com.qa.hubspot.test.HomePageTest -->
