<?xml version="1.0" encoding="UTF-8"?>
<!-- Generated by org.testng.reporters.JUnitReportReporter -->
<testsuite skipped="1" hostname="DESKTOP-R0GNJAC" name="com.qa.hubspot.test.ContactPageTest" tests="5" failures="0" timestamp="11 Oct 2020 09:11:21 GMT" time="18.994" errors="0">
  <testcase name="verifyContactPageInfoTest" time="5.128" classname="com.qa.hubspot.test.ContactPageTest"/>
  <testcase name="verifyAddressTitleTextTest" time="0.052" classname="com.qa.hubspot.test.ContactPageTest"/>
  <testcase name="verifyAltEmailTextTest" time="0.036" classname="com.qa.hubspot.test.ContactPageTest"/>
  <testcase name="verifyCreateContactWithMandatoryDetailTest" time="13.778" classname="com.qa.hubspot.test.ContactPageTest"/>
  <testcase name="verifyCreateContactNoTest" classname="com.qa.hubspot.test.ContactPageTest">
    <skipped/>
  </testcase> <!-- verifyCreateContactNoTest -->
</testsuite> <!-- com.qa.hubspot.test.ContactPageTest -->
