<?xml version="1.0" encoding="UTF-8"?>
<!-- Generated by org.testng.reporters.JUnitReportReporter -->
<testsuite skipped="0" hostname="DESKTOP-R0GNJAC" name="com.qa.hubspot.test.LoginPageTest" tests="3" failures="0" timestamp="11 Oct 2020 09:11:21 GMT" time="13.207" errors="0">
  <testcase name="verifySignUpLinkTest" time="1.667" classname="com.qa.hubspot.test.LoginPageTest"/>
  <testcase name="verifyLoginPageTitleTest" time="0.088" classname="com.qa.hubspot.test.LoginPageTest"/>
  <testcase name="verifyloginTest" time="11.452" classname="com.qa.hubspot.test.LoginPageTest"/>
</testsuite> <!-- com.qa.hubspot.test.LoginPageTest -->
