<?xml version="1.0" encoding="UTF-8"?>
<!-- Generated by org.testng.reporters.JUnitReportReporter -->
<testsuite skipped="0" hostname="DESKTOP-R0GNJAC" name="com.qa.hubspot.test.HomePageTest" tests="4" failures="0" timestamp="11 Oct 2020 09:11:21 GMT" time="6.674" errors="0">
  <testcase name="verifyHomePageTitle" time="0.118" classname="com.qa.hubspot.test.HomePageTest"/>
  <testcase name="verifyHomePageHeader" time="3.101" classname="com.qa.hubspot.test.HomePageTest"/>
  <testcase name="verifyLoggedInUserTest" time="3.398" classname="com.qa.hubspot.test.HomePageTest"/>
  <testcase name="verifyLogoNameTest" time="0.057" classname="com.qa.hubspot.test.HomePageTest"/>
</testsuite> <!-- com.qa.hubspot.test.HomePageTest -->
